#
# There is insufficient memory for the Java Runtime Environment to continue.
# Native memory allocation (malloc) failed to allocate 995088 bytes. Error detail: Chunk::new
# Possible reasons:
#   The system is out of physical RAM or swap space
#   This process is running with CompressedOops enabled, and the Java Heap may be blocking the growth of the native heap
# Possible solutions:
#   Reduce memory load on the system
#   Increase physical memory or swap space
#   Check if swap backing store is full
#   Decrease Java heap size (-Xmx/-Xms)
#   Decrease number of Java threads
#   Decrease Java thread stack sizes (-Xss)
#   Set larger code cache with -XX:ReservedCodeCacheSize=
#   JVM is running with Zero Based Compressed Oops mode in which the Java heap is
#     placed in the first 32GB address space. The Java Heap base address is the
#     maximum limit for the native heap growth. Please use -XX:HeapBaseMinAddress
#     to set the Java Heap base and to place the Java Heap above 32GB virtual address.
# This output file may be truncated or incomplete.
#
#  Out of Memory Error (arena.cpp:162), pid=31596, tid=36180
#
# JRE version: Java(TM) SE Runtime Environment (24.0+36) (build 24+36-3646)
# Java VM: Java HotSpot(TM) 64-Bit Server VM (24+36-3646, mixed mode, sharing, tiered, compressed oops, compressed class ptrs, g1 gc, windows-amd64)
# No core dump will be written. Minidumps are not enabled by default on client versions of Windows
#

---------------  S U M M A R Y ------------

Command Line: -Dfile.encoding=IBM437 --enable-native-access=ALL-UNNAMED -Dclassworlds.conf=C:\Program Files\JetBrains\IntelliJ IDEA Community Edition 2024.3.5\plugins\maven\lib\maven3\bin\m2.conf -Dmaven.home=C:\Program Files\JetBrains\IntelliJ IDEA Community Edition 2024.3.5\plugins\maven\lib\maven3 -Dlibrary.jansi.path=C:\Program Files\JetBrains\IntelliJ IDEA Community Edition 2024.3.5\plugins\maven\lib\maven3\lib\jansi-native -Dmaven.multiModuleProjectDirectory=D:\DUNZ\WORK\dGiftcode org.codehaus.plexus.classworlds.launcher.Launcher -Didea.version=2025.3.3 -Dmaven.ext.class.path=C:\Program Files\JetBrains\IntelliJ IDEA Community Edition 2024.3.5\plugins\maven\lib\maven-event-listener.jar -Djansi.passthrough=true -Dstyle.color=always -Dmaven.repo.local=C:\Users\LENOVO\.m2\repository clean -f pom.xml

Host: 13th Gen Intel(R) Core(TM) i7-13650HX, 20 cores, 23G,  Windows 11 , 64 bit Build 26100 (10.0.26100.8115)
Time: Sat Apr  4 05:08:53 2026 SE Asia Standard Time elapsed time: 4.152269 seconds (0d 0h 0m 4s)

---------------  T H R E A D  ---------------

Current thread (0x0000021c73bd5450):  JavaThread "C2 CompilerThread1" daemon [_thread_in_native, id=36180, stack(0x000000c650500000,0x000000c650600000) (1024K)]


Current CompileTask:
C2:4152 1936       4       java.util.Comparator$$Lambda/0x0000021c2f062bf8::compare (16 bytes)

Stack: [0x000000c650500000,0x000000c650600000]
Native frames: (J=compiled Java code, j=interpreted, Vv=VM code, C=native code)
V  [jvm.dll+0x7308c9]  (no source info available)
V  [jvm.dll+0x8d9ca3]  (no source info available)
V  [jvm.dll+0x8dc13d]  (no source info available)
V  [jvm.dll+0x8dc7b3]  (no source info available)
V  [jvm.dll+0x2aa046]  (no source info available)
V  [jvm.dll+0xced8f]  (no source info available)
V  [jvm.dll+0xcefef]  (no source info available)
V  [jvm.dll+0x154d23]  (no source info available)
V  [jvm.dll+0x7360ef]  (no source info available)
V  [jvm.dll+0x26f9dc]  (no source info available)
V  [jvm.dll+0x26e9ff]  (no source info available)
V  [jvm.dll+0x1e9d00]  (no source info available)
V  [jvm.dll+0x27e1bb]  (no source info available)
V  [jvm.dll+0x27c45a]  (no source info available)
V  [jvm.dll+0x42f566]  (no source info available)
V  [jvm.dll+0x87d8fb]  (no source info available)
V  [jvm.dll+0x72efe5]  (no source info available)
C  [ucrtbase.dll+0x37b0]  (no source info available)
C  [KERNEL32.DLL+0x2e8d7]  (no source info available)
C  [ntdll.dll+0x8c3fc]  (no source info available)

Lock stack of current Java thread (top to bottom):


---------------  P R O C E S S  ---------------

Threads class SMR info:
_java_thread_list=0x0000021c745b7c40, length=15, elements={
0x0000021c08d23fb0, 0x0000021c2d636e20, 0x0000021c2d637560, 0x0000021c2d6394b0,
0x0000021c2d63a720, 0x0000021c2d6405e0, 0x0000021c2d6515d0, 0x0000021c2d652660,
0x0000021c2d652f20, 0x0000021c73175970, 0x0000021c7317c160, 0x0000021c731d0770,
0x0000021c731cf8d0, 0x0000021c73bd5450, 0x0000021c73d352a0
}

Java Threads: ( => current thread )
  0x0000021c08d23fb0 JavaThread "main"                              [_thread_in_vm, id=32572, stack(0x000000c64f000000,0x000000c64f100000) (1024K)]
  0x0000021c2d636e20 JavaThread "Reference Handler"          daemon [_thread_blocked, id=28944, stack(0x000000c64f800000,0x000000c64f900000) (1024K)]
  0x0000021c2d637560 JavaThread "Finalizer"                  daemon [_thread_blocked, id=24920, stack(0x000000c64f900000,0x000000c64fa00000) (1024K)]
  0x0000021c2d6394b0 JavaThread "Signal Dispatcher"          daemon [_thread_blocked, id=9016, stack(0x000000c64fa00000,0x000000c64fb00000) (1024K)]
  0x0000021c2d63a720 JavaThread "Attach Listener"            daemon [_thread_blocked, id=11232, stack(0x000000c64fb00000,0x000000c64fc00000) (1024K)]
  0x0000021c2d6405e0 JavaThread "Service Thread"             daemon [_thread_blocked, id=35816, stack(0x000000c64fc00000,0x000000c64fd00000) (1024K)]
  0x0000021c2d6515d0 JavaThread "Monitor Deflation Thread"   daemon [_thread_blocked, id=36156, stack(0x000000c64fd00000,0x000000c64fe00000) (1024K)]
  0x0000021c2d652660 JavaThread "C2 CompilerThread0"         daemon [_thread_blocked, id=34292, stack(0x000000c64fe00000,0x000000c64ff00000) (1024K)]
  0x0000021c2d652f20 JavaThread "C1 CompilerThread0"         daemon [_thread_blocked, id=35084, stack(0x000000c64ff00000,0x000000c650000000) (1024K)]
  0x0000021c73175970 JavaThread "C1 CompilerThread1"         daemon [_thread_blocked, id=892, stack(0x000000c650000000,0x000000c650100000) (1024K)]
  0x0000021c7317c160 JavaThread "C1 CompilerThread2"         daemon [_thread_blocked, id=36608, stack(0x000000c650100000,0x000000c650200000) (1024K)]
  0x0000021c731d0770 JavaThread "Notification Thread"        daemon [_thread_blocked, id=17540, stack(0x000000c650200000,0x000000c650300000) (1024K)]
  0x0000021c731cf8d0 JavaThread "Common-Cleaner"             daemon [_thread_blocked, id=35544, stack(0x000000c650300000,0x000000c650400000) (1024K)]
=>0x0000021c73bd5450 JavaThread "C2 CompilerThread1"         daemon [_thread_in_native, id=36180, stack(0x000000c650500000,0x000000c650600000) (1024K)]
  0x0000021c73d352a0 JavaThread "C2 CompilerThread2"         daemon [_thread_blocked, id=30980, stack(0x000000c650600000,0x000000c650700000) (1024K)]
Total: 15

Other Threads:
  0x0000021c2d6228e0 VMThread "VM Thread"                           [id=34944, stack(0x000000c64f700000,0x000000c64f800000) (1024K)]
  0x0000021c2d4ee390 WatcherThread "VM Periodic Task Thread"        [id=4756, stack(0x000000c64f600000,0x000000c64f700000) (1024K)]
  0x0000021c0b264ac0 WorkerThread "GC Thread#0"                     [id=32952, stack(0x000000c64f100000,0x000000c64f200000) (1024K)]
  0x0000021c0b275770 ConcurrentGCThread "G1 Main Marker"            [id=10276, stack(0x000000c64f200000,0x000000c64f300000) (1024K)]
  0x0000021c0b276190 WorkerThread "G1 Conc#0"                       [id=35252, stack(0x000000c64f300000,0x000000c64f400000) (1024K)]
  0x0000021c2d4e6080 ConcurrentGCThread "G1 Refine#0"               [id=30336, stack(0x000000c64f400000,0x000000c64f500000) (1024K)]
  0x0000021c2d4e88c0 ConcurrentGCThread "G1 Service"                [id=30764, stack(0x000000c64f500000,0x000000c64f600000) (1024K)]
Total: 7

Threads with active compile tasks:
C2 CompilerThread1  4181 1936       4       java.util.Comparator$$Lambda/0x0000021c2f062bf8::compare (16 bytes)
Total: 1

VM state: not at safepoint (normal execution)

VM Mutex/Monitor currently owned by a thread: None

Heap address: 0x0000000684400000, size: 6076 MB, Compressed Oops mode: Zero based, Oop shift amount: 3

CDS archive(s) mapped at: [0x0000021c2e000000-0x0000021c2ed40000-0x0000021c2ed40000), size 13893632, SharedBaseAddress: 0x0000021c2e000000, ArchiveRelocationMode: 1.
Compressed class space mapped at: 0x0000021c2f000000-0x0000021c6f000000, reserved size: 1073741824
UseCompressedClassPointers 1, UseCompactObjectHeaders 0
Narrow klass pointer bits 32, Max shift 3
Narrow klass base: 0x0000021c2e000000, Narrow klass shift: 0
Encoding Range: [0x0000021c2e000000 - 0x0000021d2e000000), (4294967296 bytes)
Klass Range:    [0x0000021c2e000000 - 0x0000021c6f000000), (1090519040 bytes)
Klass ID Range:  [8 - 1090519033) (1090519025)

GC Precious Log:
 CardTable entry size: 512
 Card Set container configuration: InlinePtr #cards 4 size 8 Array Of Cards #cards 32 size 80 Howl #buckets 8 coarsen threshold 7372 Howl Bitmap #cards 1024 size 144 coarsen threshold 921 Card regions per heap region 1 cards per card region 8192
 CPUs: 20 total, 20 available
 Memory: 24299M
 Large Page Support: Disabled
 NUMA Support: Disabled
 Compressed Oops: Enabled (Zero based)
 Heap Region Size: 4M
 Heap Min Capacity: 8M
 Heap Initial Capacity: 380M
 Heap Max Capacity: 6076M
 Pre-touch: Disabled
 Parallel Workers: 15
 Concurrent Workers: 4
 Concurrent Refinement Workers: 15
 Periodic GC: Disabled

Heap:
 garbage-first heap   total reserved 6221824K, committed 393216K, used 46196K [0x0000000684400000, 0x0000000800000000)
  region size 4096K, 12 young (49152K), 0 survivors (0K)
 Metaspace       used 8260K, committed 8448K, reserved 1114112K
  class space    used 707K, committed 832K, reserved 1048576K

Heap Regions: E=young(eden), S=young(survivor), O=old, HS=humongous(starts), HC=humongous(continues), CS=collection set, F=free, TAMS=top-at-mark-start, PB=parsable bottom
|   0|0x0000000684400000, 0x0000000684400000, 0x0000000684800000|  0%| F|  |TAMS 0x0000000684400000| PB 0x0000000684400000| Untracked |  0
|   1|0x0000000684800000, 0x0000000684800000, 0x0000000684c00000|  0%| F|  |TAMS 0x0000000684800000| PB 0x0000000684800000| Untracked |  0
|   2|0x0000000684c00000, 0x0000000684c00000, 0x0000000685000000|  0%| F|  |TAMS 0x0000000684c00000| PB 0x0000000684c00000| Untracked |  0
|   3|0x0000000685000000, 0x0000000685000000, 0x0000000685400000|  0%| F|  |TAMS 0x0000000685000000| PB 0x0000000685000000| Untracked |  0
|   4|0x0000000685400000, 0x0000000685400000, 0x0000000685800000|  0%| F|  |TAMS 0x0000000685400000| PB 0x0000000685400000| Untracked |  0
|   5|0x0000000685800000, 0x0000000685800000, 0x0000000685c00000|  0%| F|  |TAMS 0x0000000685800000| PB 0x0000000685800000| Untracked |  0
|   6|0x0000000685c00000, 0x0000000685c00000, 0x0000000686000000|  0%| F|  |TAMS 0x0000000685c00000| PB 0x0000000685c00000| Untracked |  0
|   7|0x0000000686000000, 0x0000000686000000, 0x0000000686400000|  0%| F|  |TAMS 0x0000000686000000| PB 0x0000000686000000| Untracked |  0
|   8|0x0000000686400000, 0x0000000686400000, 0x0000000686800000|  0%| F|  |TAMS 0x0000000686400000| PB 0x0000000686400000| Untracked |  0
|   9|0x0000000686800000, 0x0000000686800000, 0x0000000686c00000|  0%| F|  |TAMS 0x0000000686800000| PB 0x0000000686800000| Untracked |  0
|  10|0x0000000686c00000, 0x0000000686c00000, 0x0000000687000000|  0%| F|  |TAMS 0x0000000686c00000| PB 0x0000000686c00000| Untracked |  0
|  11|0x0000000687000000, 0x0000000687000000, 0x0000000687400000|  0%| F|  |TAMS 0x0000000687000000| PB 0x0000000687000000| Untracked |  0
|  12|0x0000000687400000, 0x0000000687400000, 0x0000000687800000|  0%| F|  |TAMS 0x0000000687400000| PB 0x0000000687400000| Untracked |  0
|  13|0x0000000687800000, 0x0000000687800000, 0x0000000687c00000|  0%| F|  |TAMS 0x0000000687800000| PB 0x0000000687800000| Untracked |  0
|  14|0x0000000687c00000, 0x0000000687c00000, 0x0000000688000000|  0%| F|  |TAMS 0x0000000687c00000| PB 0x0000000687c00000| Untracked |  0
|  15|0x0000000688000000, 0x0000000688000000, 0x0000000688400000|  0%| F|  |TAMS 0x0000000688000000| PB 0x0000000688000000| Untracked |  0
|  16|0x0000000688400000, 0x0000000688400000, 0x0000000688800000|  0%| F|  |TAMS 0x0000000688400000| PB 0x0000000688400000| Untracked |  0
|  17|0x0000000688800000, 0x0000000688800000, 0x0000000688c00000|  0%| F|  |TAMS 0x0000000688800000| PB 0x0000000688800000| Untracked |  0
|  18|0x0000000688c00000, 0x0000000688c00000, 0x0000000689000000|  0%| F|  |TAMS 0x0000000688c00000| PB 0x0000000688c00000| Untracked |  0
|  19|0x0000000689000000, 0x0000000689000000, 0x0000000689400000|  0%| F|  |TAMS 0x0000000689000000| PB 0x0000000689000000| Untracked |  0
|  20|0x0000000689400000, 0x0000000689400000, 0x0000000689800000|  0%| F|  |TAMS 0x0000000689400000| PB 0x0000000689400000| Untracked |  0
|  21|0x0000000689800000, 0x0000000689800000, 0x0000000689c00000|  0%| F|  |TAMS 0x0000000689800000| PB 0x0000000689800000| Untracked |  0
|  22|0x0000000689c00000, 0x0000000689c00000, 0x000000068a000000|  0%| F|  |TAMS 0x0000000689c00000| PB 0x0000000689c00000| Untracked |  0
|  23|0x000000068a000000, 0x000000068a000000, 0x000000068a400000|  0%| F|  |TAMS 0x000000068a000000| PB 0x000000068a000000| Untracked |  0
|  24|0x000000068a400000, 0x000000068a400000, 0x000000068a800000|  0%| F|  |TAMS 0x000000068a400000| PB 0x000000068a400000| Untracked |  0
|  25|0x000000068a800000, 0x000000068a800000, 0x000000068ac00000|  0%| F|  |TAMS 0x000000068a800000| PB 0x000000068a800000| Untracked |  0
|  26|0x000000068ac00000, 0x000000068ac00000, 0x000000068b000000|  0%| F|  |TAMS 0x000000068ac00000| PB 0x000000068ac00000| Untracked |  0
|  27|0x000000068b000000, 0x000000068b000000, 0x000000068b400000|  0%| F|  |TAMS 0x000000068b000000| PB 0x000000068b000000| Untracked |  0
|  28|0x000000068b400000, 0x000000068b400000, 0x000000068b800000|  0%| F|  |TAMS 0x000000068b400000| PB 0x000000068b400000| Untracked |  0
|  29|0x000000068b800000, 0x000000068b800000, 0x000000068bc00000|  0%| F|  |TAMS 0x000000068b800000| PB 0x000000068b800000| Untracked |  0
|  30|0x000000068bc00000, 0x000000068bc00000, 0x000000068c000000|  0%| F|  |TAMS 0x000000068bc00000| PB 0x000000068bc00000| Untracked |  0
|  31|0x000000068c000000, 0x000000068c000000, 0x000000068c400000|  0%| F|  |TAMS 0x000000068c000000| PB 0x000000068c000000| Untracked |  0
|  32|0x000000068c400000, 0x000000068c400000, 0x000000068c800000|  0%| F|  |TAMS 0x000000068c400000| PB 0x000000068c400000| Untracked |  0
|  33|0x000000068c800000, 0x000000068c800000, 0x000000068cc00000|  0%| F|  |TAMS 0x000000068c800000| PB 0x000000068c800000| Untracked |  0
|  34|0x000000068cc00000, 0x000000068cc00000, 0x000000068d000000|  0%| F|  |TAMS 0x000000068cc00000| PB 0x000000068cc00000| Untracked |  0
|  35|0x000000068d000000, 0x000000068d000000, 0x000000068d400000|  0%| F|  |TAMS 0x000000068d000000| PB 0x000000068d000000| Untracked |  0
|  36|0x000000068d400000, 0x000000068d400000, 0x000000068d800000|  0%| F|  |TAMS 0x000000068d400000| PB 0x000000068d400000| Untracked |  0
|  37|0x000000068d800000, 0x000000068d800000, 0x000000068dc00000|  0%| F|  |TAMS 0x000000068d800000| PB 0x000000068d800000| Untracked |  0
|  38|0x000000068dc00000, 0x000000068dc00000, 0x000000068e000000|  0%| F|  |TAMS 0x000000068dc00000| PB 0x000000068dc00000| Untracked |  0
|  39|0x000000068e000000, 0x000000068e000000, 0x000000068e400000|  0%| F|  |TAMS 0x000000068e000000| PB 0x000000068e000000| Untracked |  0
|  40|0x000000068e400000, 0x000000068e400000, 0x000000068e800000|  0%| F|  |TAMS 0x000000068e400000| PB 0x000000068e400000| Untracked |  0
|  41|0x000000068e800000, 0x000000068e800000, 0x000000068ec00000|  0%| F|  |TAMS 0x000000068e800000| PB 0x000000068e800000| Untracked |  0
|  42|0x000000068ec00000, 0x000000068ec00000, 0x000000068f000000|  0%| F|  |TAMS 0x000000068ec00000| PB 0x000000068ec00000| Untracked |  0
|  43|0x000000068f000000, 0x000000068f000000, 0x000000068f400000|  0%| F|  |TAMS 0x000000068f000000| PB 0x000000068f000000| Untracked |  0
|  44|0x000000068f400000, 0x000000068f400000, 0x000000068f800000|  0%| F|  |TAMS 0x000000068f400000| PB 0x000000068f400000| Untracked |  0
|  45|0x000000068f800000, 0x000000068f800000, 0x000000068fc00000|  0%| F|  |TAMS 0x000000068f800000| PB 0x000000068f800000| Untracked |  0
|  46|0x000000068fc00000, 0x000000068fc00000, 0x0000000690000000|  0%| F|  |TAMS 0x000000068fc00000| PB 0x000000068fc00000| Untracked |  0
|  47|0x0000000690000000, 0x0000000690000000, 0x0000000690400000|  0%| F|  |TAMS 0x0000000690000000| PB 0x0000000690000000| Untracked |  0
|  48|0x0000000690400000, 0x0000000690400000, 0x0000000690800000|  0%| F|  |TAMS 0x0000000690400000| PB 0x0000000690400000| Untracked |  0
|  49|0x0000000690800000, 0x0000000690800000, 0x0000000690c00000|  0%| F|  |TAMS 0x0000000690800000| PB 0x0000000690800000| Untracked |  0
|  50|0x0000000690c00000, 0x0000000690c00000, 0x0000000691000000|  0%| F|  |TAMS 0x0000000690c00000| PB 0x0000000690c00000| Untracked |  0
|  51|0x0000000691000000, 0x0000000691000000, 0x0000000691400000|  0%| F|  |TAMS 0x0000000691000000| PB 0x0000000691000000| Untracked |  0
|  52|0x0000000691400000, 0x0000000691400000, 0x0000000691800000|  0%| F|  |TAMS 0x0000000691400000| PB 0x0000000691400000| Untracked |  0
|  53|0x0000000691800000, 0x0000000691800000, 0x0000000691c00000|  0%| F|  |TAMS 0x0000000691800000| PB 0x0000000691800000| Untracked |  0
|  54|0x0000000691c00000, 0x0000000691c00000, 0x0000000692000000|  0%| F|  |TAMS 0x0000000691c00000| PB 0x0000000691c00000| Untracked |  0
|  55|0x0000000692000000, 0x0000000692000000, 0x0000000692400000|  0%| F|  |TAMS 0x0000000692000000| PB 0x0000000692000000| Untracked |  0
|  56|0x0000000692400000, 0x0000000692400000, 0x0000000692800000|  0%| F|  |TAMS 0x0000000692400000| PB 0x0000000692400000| Untracked |  0
|  57|0x0000000692800000, 0x0000000692800000, 0x0000000692c00000|  0%| F|  |TAMS 0x0000000692800000| PB 0x0000000692800000| Untracked |  0
|  58|0x0000000692c00000, 0x0000000692c00000, 0x0000000693000000|  0%| F|  |TAMS 0x0000000692c00000| PB 0x0000000692c00000| Untracked |  0
|  59|0x0000000693000000, 0x0000000693000000, 0x0000000693400000|  0%| F|  |TAMS 0x0000000693000000| PB 0x0000000693000000| Untracked |  0
|  60|0x0000000693400000, 0x0000000693400000, 0x0000000693800000|  0%| F|  |TAMS 0x0000000693400000| PB 0x0000000693400000| Untracked |  0
|  61|0x0000000693800000, 0x0000000693800000, 0x0000000693c00000|  0%| F|  |TAMS 0x0000000693800000| PB 0x0000000693800000| Untracked |  0
|  62|0x0000000693c00000, 0x0000000693c00000, 0x0000000694000000|  0%| F|  |TAMS 0x0000000693c00000| PB 0x0000000693c00000| Untracked |  0
|  63|0x0000000694000000, 0x0000000694000000, 0x0000000694400000|  0%| F|  |TAMS 0x0000000694000000| PB 0x0000000694000000| Untracked |  0
|  64|0x0000000694400000, 0x0000000694400000, 0x0000000694800000|  0%| F|  |TAMS 0x0000000694400000| PB 0x0000000694400000| Untracked |  0
|  65|0x0000000694800000, 0x0000000694800000, 0x0000000694c00000|  0%| F|  |TAMS 0x0000000694800000| PB 0x0000000694800000| Untracked |  0
|  66|0x0000000694c00000, 0x0000000694c00000, 0x0000000695000000|  0%| F|  |TAMS 0x0000000694c00000| PB 0x0000000694c00000| Untracked |  0
|  67|0x0000000695000000, 0x0000000695000000, 0x0000000695400000|  0%| F|  |TAMS 0x0000000695000000| PB 0x0000000695000000| Untracked |  0
|  68|0x0000000695400000, 0x0000000695400000, 0x0000000695800000|  0%| F|  |TAMS 0x0000000695400000| PB 0x0000000695400000| Untracked |  0
|  69|0x0000000695800000, 0x0000000695800000, 0x0000000695c00000|  0%| F|  |TAMS 0x0000000695800000| PB 0x0000000695800000| Untracked |  0
|  70|0x0000000695c00000, 0x0000000695c00000, 0x0000000696000000|  0%| F|  |TAMS 0x0000000695c00000| PB 0x0000000695c00000| Untracked |  0
|  71|0x0000000696000000, 0x0000000696000000, 0x0000000696400000|  0%| F|  |TAMS 0x0000000696000000| PB 0x0000000696000000| Untracked |  0
|  72|0x0000000696400000, 0x0000000696400000, 0x0000000696800000|  0%| F|  |TAMS 0x0000000696400000| PB 0x0000000696400000| Untracked |  0
|  73|0x0000000696800000, 0x0000000696800000, 0x0000000696c00000|  0%| F|  |TAMS 0x0000000696800000| PB 0x0000000696800000| Untracked |  0
|  74|0x0000000696c00000, 0x0000000696c00000, 0x0000000697000000|  0%| F|  |TAMS 0x0000000696c00000| PB 0x0000000696c00000| Untracked |  0
|  75|0x0000000697000000, 0x0000000697000000, 0x0000000697400000|  0%| F|  |TAMS 0x0000000697000000| PB 0x0000000697000000| Untracked |  0
|  76|0x0000000697400000, 0x0000000697400000, 0x0000000697800000|  0%| F|  |TAMS 0x0000000697400000| PB 0x0000000697400000| Untracked |  0
|  77|0x0000000697800000, 0x0000000697800000, 0x0000000697c00000|  0%| F|  |TAMS 0x0000000697800000| PB 0x0000000697800000| Untracked |  0
|  78|0x0000000697c00000, 0x0000000697c00000, 0x0000000698000000|  0%| F|  |TAMS 0x0000000697c00000| PB 0x0000000697c00000| Untracked |  0
|  79|0x0000000698000000, 0x0000000698000000, 0x0000000698400000|  0%| F|  |TAMS 0x0000000698000000| PB 0x0000000698000000| Untracked |  0
|  80|0x0000000698400000, 0x0000000698400000, 0x0000000698800000|  0%| F|  |TAMS 0x0000000698400000| PB 0x0000000698400000| Untracked |  0
|  81|0x0000000698800000, 0x0000000698800000, 0x0000000698c00000|  0%| F|  |TAMS 0x0000000698800000| PB 0x0000000698800000| Untracked |  0
|  82|0x0000000698c00000, 0x0000000698c00000, 0x0000000699000000|  0%| F|  |TAMS 0x0000000698c00000| PB 0x0000000698c00000| Untracked |  0
|  83|0x0000000699000000, 0x00000006993da8d0, 0x0000000699400000| 96%| E|  |TAMS 0x0000000699000000| PB 0x0000000699000000| Complete |  0
|  84|0x0000000699400000, 0x0000000699800000, 0x0000000699800000|100%| E|CS|TAMS 0x0000000699400000| PB 0x0000000699400000| Complete |  0
|  85|0x0000000699800000, 0x0000000699c00000, 0x0000000699c00000|100%| E|CS|TAMS 0x0000000699800000| PB 0x0000000699800000| Complete |  0
|  86|0x0000000699c00000, 0x000000069a000000, 0x000000069a000000|100%| E|CS|TAMS 0x0000000699c00000| PB 0x0000000699c00000| Complete |  0
|  87|0x000000069a000000, 0x000000069a400000, 0x000000069a400000|100%| E|CS|TAMS 0x000000069a000000| PB 0x000000069a000000| Complete |  0
|  88|0x000000069a400000, 0x000000069a800000, 0x000000069a800000|100%| E|CS|TAMS 0x000000069a400000| PB 0x000000069a400000| Complete |  0
|  89|0x000000069a800000, 0x000000069ac00000, 0x000000069ac00000|100%| E|CS|TAMS 0x000000069a800000| PB 0x000000069a800000| Complete |  0
|  90|0x000000069ac00000, 0x000000069b000000, 0x000000069b000000|100%| E|CS|TAMS 0x000000069ac00000| PB 0x000000069ac00000| Complete |  0
|  91|0x000000069b000000, 0x000000069b400000, 0x000000069b400000|100%| E|CS|TAMS 0x000000069b000000| PB 0x000000069b000000| Complete |  0
|  92|0x000000069b400000, 0x000000069b800000, 0x000000069b800000|100%| E|CS|TAMS 0x000000069b400000| PB 0x000000069b400000| Complete |  0
|  93|0x000000069b800000, 0x000000069bc00000, 0x000000069bc00000|100%| E|CS|TAMS 0x000000069b800000| PB 0x000000069b800000| Complete |  0
|  94|0x000000069bc00000, 0x000000069c000000, 0x000000069c000000|100%| E|CS|TAMS 0x000000069bc00000| PB 0x000000069bc00000| Complete |  0
|1518|0x00000007ffc00000, 0x00000007ffd1d3c0, 0x0000000800000000| 27%| O|  |TAMS 0x00000007ffc00000| PB 0x00000007ffc00000| Untracked |  0

Card table byte_map: [0x0000021c24100000,0x0000021c24ce0000] _byte_map_base: 0x0000021c20cde000

Marking Bits: (CMBitMap*) 0x0000021c0b2660f0
 Bits: [0x0000021c24ce0000, 0x0000021c2abd0000)

Polling page: 0x0000021c08ce0000

Metaspace:

Usage:
  Non-class:      7.38 MB used.
      Class:    708.72 KB used.
       Both:      8.07 MB used.

Virtual space:
  Non-class space:       64.00 MB reserved,       7.44 MB ( 12%) committed,  1 nodes.
      Class space:        1.00 GB reserved,     832.00 KB ( <1%) committed,  1 nodes.
             Both:        1.06 GB reserved,       8.25 MB ( <1%) committed. 

Chunk freelists:
   Non-Class:  7.14 MB
       Class:  15.22 MB
        Both:  22.36 MB

MaxMetaspaceSize: unlimited
CompressedClassSpaceSize: 1.00 GB
Initial GC threshold: 21.00 MB
Current GC threshold: 21.00 MB
CDS: on
 - commit_granule_bytes: 65536.
 - commit_granule_words: 8192.
 - virtual_space_node_default_size: 8388608.
 - enlarge_chunks_in_place: 1.
UseCompressedClassPointers 1, UseCompactObjectHeaders 0
Narrow klass pointer bits 32, Max shift 3
Narrow klass base: 0x0000021c2e000000, Narrow klass shift: 0
Encoding Range: [0x0000021c2e000000 - 0x0000021d2e000000), (4294967296 bytes)
Klass Range:    [0x0000021c2e000000 - 0x0000021c6f000000), (1090519040 bytes)
Klass ID Range:  [8 - 1090519033) (1090519025)


Internal statistics:

num_allocs_failed_limit: 0.
num_arena_births: 62.
num_arena_deaths: 0.
num_vsnodes_births: 2.
num_vsnodes_deaths: 0.
num_space_committed: 132.
num_space_uncommitted: 0.
num_chunks_returned_to_freelist: 0.
num_chunks_taken_from_freelist: 310.
num_chunk_merges: 0.
num_chunk_splits: 204.
num_chunks_enlarged: 174.
num_inconsistent_stats: 0.

CodeHeap 'non-profiled nmethods': size=119232Kb used=636Kb max_used=636Kb free=118595Kb
 bounds [0x0000021c1b610000, 0x0000021c1b880000, 0x0000021c22a80000]
CodeHeap 'profiled nmethods': size=119104Kb used=3272Kb max_used=3272Kb free=115831Kb
 bounds [0x0000021c13a80000, 0x0000021c13dc0000, 0x0000021c1aed0000]
CodeHeap 'non-nmethods': size=7424Kb used=2437Kb max_used=3027Kb free=4986Kb
 bounds [0x0000021c1aed0000, 0x0000021c1b1d0000, 0x0000021c1b610000]
CodeCache: size=245760Kb, used=6345Kb, max_used=6935Kb, free=239412Kb
 total_blobs=2442, nmethods=1970, adapters=374, full_count=0
Compilation: enabled, stopped_count=0, restarted_count=0

Compilation events (20 events):
Event: 2.144 Thread 0x0000021c2d652f20 1938       3       java.lang.Class::privateGetDeclaredFields (64 bytes)
Event: 2.144 Thread 0x0000021c7317c160 1939   !   3       com.google.inject.spi.InjectionPoint::getInjectionPoints (489 bytes)
Event: 2.144 Thread 0x0000021c73bb5e70 1940       3       java.lang.Class::getEnclosingClass (46 bytes)
Event: 2.144 Thread 0x0000021c2d652f20 nmethod 1938 0x0000021c13d95a08 code [0x0000021c13d95ba0, 0x0000021c13d96318]
Event: 2.144 Thread 0x0000021c2d652f20 1941       3       java.lang.Class::getEnclosingMethodInfo (20 bytes)
Event: 2.144 Thread 0x0000021c73bb5e70 nmethod 1940 0x0000021c13d96388 code [0x0000021c13d96500, 0x0000021c13d96938]
Event: 2.144 Thread 0x0000021c2d652f20 nmethod 1941 0x0000021c13d96988 code [0x0000021c13d96ac0, 0x0000021c13d96cd8]
Event: 2.144 Thread 0x0000021c2d652f20 1942       3       java.lang.Class::getDeclaredFields (9 bytes)
Event: 2.145 Thread 0x0000021c2d652f20 nmethod 1942 0x0000021c13d96d08 code [0x0000021c13d96e40, 0x0000021c13d96fb0]
Event: 2.146 Thread 0x0000021c7317c160 nmethod 1939 0x0000021c13d97008 code [0x0000021c13d975c0, 0x0000021c13d9b150]
Event: 2.146 Thread 0x0000021c73175970 nmethod 1933 0x0000021c13d9b288 code [0x0000021c13d9c080, 0x0000021c13da9188]
Event: 2.147 Thread 0x0000021c7317c160 1943       3       com.google.inject.internal.DeclaredMembers$$Lambda/0x0000021c2f097080::apply (5 bytes)
Event: 2.147 Thread 0x0000021c2d652f20 1944       3       com.google.inject.internal.DeclaredMembers::lambda$getDeclaredFields$0 (5 bytes)
Event: 2.147 Thread 0x0000021c2d652f20 nmethod 1944 0x0000021c13da9408 code [0x0000021c13da9520, 0x0000021c13da96a0]
Event: 2.147 Thread 0x0000021c7317c160 nmethod 1943 0x0000021c13da9708 code [0x0000021c13da9820, 0x0000021c13da9a18]
Event: 2.148 Thread 0x0000021c73d352a0 1945       4       java.util.concurrent.ConcurrentHashMap::get (162 bytes)
Event: 2.148 Thread 0x0000021c2d652660 1946       4       java.lang.CharacterDataLatin1::equalsIgnoreCase (63 bytes)
Event: 2.149 Thread 0x0000021c2d652660 nmethod 1946 0x0000021c1b6ada88 code [0x0000021c1b6adb80, 0x0000021c1b6adc28]
Event: 2.149 Thread 0x0000021c7317c160 1947       3       com.google.inject.internal.Errors::hasErrors (16 bytes)
Event: 2.150 Thread 0x0000021c7317c160 nmethod 1947 0x0000021c13da9a88 code [0x0000021c13da9ba0, 0x0000021c13da9d08]

GC Heap History (0 events):
No events

Dll operation events (8 events):
Event: 0.006 Loaded shared library C:\Program Files\Java\jdk-24\bin\java.dll
Event: 0.027 Loaded shared library C:\Program Files\Java\jdk-24\bin\jsvml.dll
Event: 0.034 Loaded shared library C:\Program Files\Java\jdk-24\bin\net.dll
Event: 0.036 Loaded shared library C:\Program Files\Java\jdk-24\bin\nio.dll
Event: 0.040 Loaded shared library C:\Program Files\Java\jdk-24\bin\zip.dll
Event: 0.164 Loaded shared library C:\Program Files\JetBrains\IntelliJ IDEA Community Edition 2024.3.5\plugins\maven\lib\maven3\lib\jansi-native\Windows\x86_64\jansi.dll
Event: 0.181 Loaded shared library C:\Program Files\Java\jdk-24\bin\jimage.dll
Event: 0.196 Loaded shared library C:\Program Files\Java\jdk-24\bin\verify.dll

Deoptimization events (20 events):
Event: 2.001 Thread 0x0000021c08d23fb0 DEOPT PACKING pc=0x0000021c13cf7178 sp=0x000000c64f0fd760
Event: 2.001 Thread 0x0000021c08d23fb0 DEOPT UNPACKING pc=0x0000021c1af25722 sp=0x000000c64f0fcbf0 mode 0
Event: 2.017 Thread 0x0000021c08d23fb0 DEOPT PACKING pc=0x0000021c13cea940 sp=0x000000c64f0fe180
Event: 2.017 Thread 0x0000021c08d23fb0 DEOPT UNPACKING pc=0x0000021c1af25722 sp=0x000000c64f0fd5f0 mode 0
Event: 2.071 Thread 0x0000021c08d23fb0 Uncommon trap: trap_request=0xffffffc6 fr.pc=0x0000021c1b6538b8 relative=0x00000000000003d8
Event: 2.071 Thread 0x0000021c08d23fb0 Uncommon trap: reason=bimorphic_or_optimized_type_check action=maybe_recompile pc=0x0000021c1b6538b8 method=java.util.concurrent.ConcurrentHashMap.get(Ljava/lang/Object;)Ljava/lang/Object; @ 149 c2
Event: 2.071 Thread 0x0000021c08d23fb0 DEOPT PACKING pc=0x0000021c1b6538b8 sp=0x000000c64f0fd980
Event: 2.071 Thread 0x0000021c08d23fb0 DEOPT UNPACKING pc=0x0000021c1afe8202 sp=0x000000c64f0fd8f0 mode 2
Event: 2.081 Thread 0x0000021c08d23fb0 DEOPT PACKING pc=0x0000021c13cf7178 sp=0x000000c64f0fd760
Event: 2.081 Thread 0x0000021c08d23fb0 DEOPT UNPACKING pc=0x0000021c1af25722 sp=0x000000c64f0fcbf0 mode 0
Event: 2.081 Thread 0x0000021c08d23fb0 DEOPT PACKING pc=0x0000021c13cf7178 sp=0x000000c64f0fd760
Event: 2.081 Thread 0x0000021c08d23fb0 DEOPT UNPACKING pc=0x0000021c1af25722 sp=0x000000c64f0fcbf0 mode 0
Event: 2.118 Thread 0x0000021c08d23fb0 Uncommon trap: trap_request=0xffffffc6 fr.pc=0x0000021c1b6538b8 relative=0x00000000000003d8
Event: 2.118 Thread 0x0000021c08d23fb0 Uncommon trap: reason=bimorphic_or_optimized_type_check action=maybe_recompile pc=0x0000021c1b6538b8 method=java.util.concurrent.ConcurrentHashMap.get(Ljava/lang/Object;)Ljava/lang/Object; @ 149 c2
Event: 2.118 Thread 0x0000021c08d23fb0 DEOPT PACKING pc=0x0000021c1b6538b8 sp=0x000000c64f0fd800
Event: 2.118 Thread 0x0000021c08d23fb0 DEOPT UNPACKING pc=0x0000021c1afe8202 sp=0x000000c64f0fd760 mode 2
Event: 2.140 Thread 0x0000021c08d23fb0 Uncommon trap: trap_request=0xffffffc6 fr.pc=0x0000021c1b6538b8 relative=0x00000000000003d8
Event: 2.140 Thread 0x0000021c08d23fb0 Uncommon trap: reason=bimorphic_or_optimized_type_check action=maybe_recompile pc=0x0000021c1b6538b8 method=java.util.concurrent.ConcurrentHashMap.get(Ljava/lang/Object;)Ljava/lang/Object; @ 149 c2
Event: 2.140 Thread 0x0000021c08d23fb0 DEOPT PACKING pc=0x0000021c1b6538b8 sp=0x000000c64f0fde30
Event: 2.140 Thread 0x0000021c08d23fb0 DEOPT UNPACKING pc=0x0000021c1afe8202 sp=0x000000c64f0fdd90 mode 2

Classes loaded (20 events):
Event: 0.842 Loading class sun/reflect/generics/reflectiveObjects/ParameterizedTypeImpl
Event: 0.843 Loading class sun/reflect/generics/reflectiveObjects/ParameterizedTypeImpl done
Event: 0.874 Loading class jdk/internal/foreign/MemorySessionImpl
Event: 0.874 Loading class java/lang/foreign/MemorySegment$Scope
Event: 0.874 Loading class java/lang/foreign/MemorySegment$Scope done
Event: 0.874 Loading class jdk/internal/foreign/MemorySessionImpl done
Event: 2.067 Loading class java/lang/Deprecated
Event: 2.067 Loading class java/lang/Deprecated done
Event: 2.111 Loading class java/lang/invoke/MethodHandle$1
Event: 2.112 Loading class java/lang/invoke/MethodHandle$1 done
Event: 2.123 Loading class sun/reflect/generics/tree/BottomSignature
Event: 2.124 Loading class sun/reflect/generics/tree/BottomSignature done
Event: 2.124 Loading class sun/reflect/generics/tree/Wildcard
Event: 2.124 Loading class sun/reflect/generics/tree/Wildcard done
Event: 2.124 Loading class sun/reflect/generics/reflectiveObjects/WildcardTypeImpl
Event: 2.124 Loading class sun/reflect/generics/reflectiveObjects/WildcardTypeImpl done
Event: 2.124 Loading class sun/reflect/annotation/AnnotatedTypeFactory$AnnotatedParameterizedTypeImpl
Event: 2.124 Loading class java/lang/reflect/AnnotatedParameterizedType
Event: 2.124 Loading class java/lang/reflect/AnnotatedParameterizedType done
Event: 2.124 Loading class sun/reflect/annotation/AnnotatedTypeFactory$AnnotatedParameterizedTypeImpl done

Classes unloaded (0 events):
No events

Classes redefined (0 events):
No events

Internal exceptions (20 events):
Event: 0.181 Thread 0x0000021c08d23fb0 Exception <a 'java/lang/NullPointerException'{0x000000069babd830}> (0x000000069babd830) 
thrown [s\open\src\hotspot\share\interpreter\linkResolver.cpp, line 1417]
Event: 0.181 Thread 0x0000021c08d23fb0 Exception <a 'java/lang/NullPointerException'{0x000000069babdb10}> (0x000000069babdb10) 
thrown [s\open\src\hotspot\share\interpreter\linkResolver.cpp, line 1417]
Event: 0.181 Thread 0x0000021c08d23fb0 Exception <a 'java/lang/NullPointerException'{0x000000069babddf0}> (0x000000069babddf0) 
thrown [s\open\src\hotspot\share\interpreter\linkResolver.cpp, line 1417]
Event: 0.192 Thread 0x0000021c08d23fb0 Exception <a 'sun/nio/fs/WindowsException'{0x000000069bae1410}> (0x000000069bae1410) 
thrown [s\open\src\hotspot\share\prims\jni.cpp, line 518]
Event: 0.192 Thread 0x0000021c08d23fb0 Exception <a 'sun/nio/fs/WindowsException'{0x000000069bae1988}> (0x000000069bae1988) 
thrown [s\open\src\hotspot\share\prims\jni.cpp, line 518]
Event: 0.192 Thread 0x0000021c08d23fb0 Exception <a 'sun/nio/fs/WindowsException'{0x000000069bae1e88}> (0x000000069bae1e88) 
thrown [s\open\src\hotspot\share\prims\jni.cpp, line 518]
Event: 0.192 Thread 0x0000021c08d23fb0 Exception <a 'sun/nio/fs/WindowsException'{0x000000069bae2348}> (0x000000069bae2348) 
thrown [s\open\src\hotspot\share\prims\jni.cpp, line 518]
Event: 0.211 Thread 0x0000021c08d23fb0 Exception <a 'java/lang/NoSuchMethodError'{0x000000069b41c818}: 'void java.lang.invoke.DirectMethodHandle$Holder.invokeStatic(java.lang.Object, java.lang.Object)'> (0x000000069b41c818) 
thrown [s\open\src\hotspot\share\interpreter\linkResolver.cpp, line 805]
Event: 0.212 Thread 0x0000021c08d23fb0 Exception <a 'java/lang/NoSuchMethodError'{0x000000069b424588}: 'void java.lang.invoke.DirectMethodHandle$Holder.invokeStaticInit(java.lang.Object, java.lang.Object)'> (0x000000069b424588) 
thrown [s\open\src\hotspot\share\interpreter\linkResolver.cpp, line 805]
Event: 0.231 Thread 0x0000021c08d23fb0 Exception <a 'java/lang/NoSuchMethodError'{0x000000069b46ffb8}: 'void java.lang.invoke.DirectMethodHandle$Holder.invokeStatic(java.lang.Object, java.lang.Object, java.lang.Object)'> (0x000000069b46ffb8) 
thrown [s\open\src\hotspot\share\interpreter\linkResolver.cpp, line 805]
Event: 0.275 Thread 0x0000021c08d23fb0 Exception <a 'java/lang/NullPointerException'{0x000000069b5fd650}> (0x000000069b5fd650) 
thrown [s\open\src\hotspot\share\interpreter\linkResolver.cpp, line 1417]
Event: 0.275 Thread 0x0000021c08d23fb0 Exception <a 'java/lang/NullPointerException'{0x000000069b603e28}> (0x000000069b603e28) 
thrown [s\open\src\hotspot\share\interpreter\linkResolver.cpp, line 1417]
Event: 0.445 Thread 0x0000021c08d23fb0 Exception <a 'java/lang/NoSuchMethodError'{0x000000069b71a2b8}: 'java.lang.Object java.lang.invoke.DirectMethodHandle$Holder.invokeSpecialIFC(java.lang.Object, java.lang.Object, java.lang.Object, java.lang.Object)'> (0x000000069b71a2b8) 
thrown [s\open\src\hotspot\share\interpreter\linkResolver.cpp, line 805]
Event: 0.628 Thread 0x0000021c08d23fb0 Exception <a 'java/lang/NoSuchMethodError'{0x000000069ac36370}: 'void java.lang.invoke.DirectMethodHandle$Holder.invokeSpecial(java.lang.Object, java.lang.Object, java.lang.Object)'> (0x000000069ac36370) 
thrown [s\open\src\hotspot\share\interpreter\linkResolver.cpp, line 805]
Event: 0.659 Thread 0x0000021c08d23fb0 Exception <a 'java/lang/NoSuchMethodError'{0x000000069ad5a1f0}: 'java.lang.Object java.lang.invoke.DirectMethodHandle$Holder.invokeInterface(java.lang.Object, java.lang.Object)'> (0x000000069ad5a1f0) 
thrown [s\open\src\hotspot\share\interpreter\linkResolver.cpp, line 805]
Event: 0.673 Thread 0x0000021c08d23fb0 Exception <a 'java/lang/NoSuchMethodError'{0x000000069ae08ec8}: 'int java.lang.invoke.DirectMethodHandle$Holder.invokeStatic(java.lang.Object, java.lang.Object, java.lang.Object, java.lang.Object)'> (0x000000069ae08ec8) 
thrown [s\open\src\hotspot\share\interpreter\linkResolver.cpp, line 805]
Event: 0.677 Thread 0x0000021c08d23fb0 Exception <a 'java/lang/NoSuchMethodError'{0x000000069ae32bb0}: 'int java.lang.invoke.DirectMethodHandle$Holder.invokeSpecialIFC(java.lang.Object, java.lang.Object, java.lang.Object, java.lang.Object, java.lang.Object)'> (0x000000069ae32bb0) 
thrown [s\open\src\hotspot\share\interpreter\linkResolver.cpp, line 805]
Event: 0.723 Thread 0x0000021c08d23fb0 Exception <a 'java/lang/NoSuchMethodError'{0x000000069a809e88}: 'java.lang.Object java.lang.invoke.DirectMethodHandle$Holder.newInvokeSpecial(java.lang.Object, java.lang.Object, java.lang.Object, java.lang.Object, java.lang.Object)'> (0x000000069a809e88) 
thrown [s\open\src\hotspot\share\interpreter\linkResolver.cpp, line 805]
Event: 0.752 Thread 0x0000021c08d23fb0 Exception <a 'java/lang/NoSuchMethodError'{0x000000069a929410}: 'int java.lang.invoke.DirectMethodHandle$Holder.invokeStaticInit(java.lang.Object, java.lang.Object)'> (0x000000069a929410) 
thrown [s\open\src\hotspot\share\interpreter\linkResolver.cpp, line 805]
Event: 0.758 Thread 0x0000021c08d23fb0 Exception <a 'java/lang/NoClassDefFoundError'{0x000000069a964298}: javax/enterprise/inject/Typed> (0x000000069a964298) 
thrown [s\open\src\hotspot\share\classfile\systemDictionary.cpp, line 316]

VM Operations (6 events):
Event: 0.041 Executing VM operation: HandshakeAllThreads (Deoptimize)
Event: 0.041 Executing VM operation: HandshakeAllThreads (Deoptimize) done
Event: 0.153 Executing VM operation: HandshakeAllThreads (Deoptimize)
Event: 0.153 Executing VM operation: HandshakeAllThreads (Deoptimize) done
Event: 0.192 Executing VM operation: HandshakeAllThreads (Deoptimize)
Event: 0.192 Executing VM operation: HandshakeAllThreads (Deoptimize) done

Memory protections (0 events):
No events

Nmethod flushes (0 events):
No events

Events (20 events):
Event: 0.024 Thread 0x0000021c08d23fb0 Thread added: 0x0000021c2d652f20
Event: 0.028 Thread 0x0000021c2d652f20 Thread added: 0x0000021c73175970
Event: 0.029 Thread 0x0000021c2d652f20 Thread added: 0x0000021c7317c160
Event: 0.030 Thread 0x0000021c08d23fb0 Thread added: 0x0000021c731d0770
Event: 0.033 Thread 0x0000021c08d23fb0 Thread added: 0x0000021c731cf8d0
Event: 0.073 Thread 0x0000021c73175970 Thread added: 0x0000021c7320de20
Event: 0.156 Thread 0x0000021c08d23fb0 Thread added: 0x0000021c731d1610
Event: 0.231 Thread 0x0000021c731d1610 Thread exited: 0x0000021c731d1610
Event: 0.419 Thread 0x0000021c7320de20 Thread exited: 0x0000021c7320de20
Event: 0.511 Thread 0x0000021c7317c160 Thread added: 0x0000021c73bb5e70
Event: 0.529 Thread 0x0000021c73bb5e70 Thread added: 0x0000021c73bd5450
Event: 0.782 Thread 0x0000021c2d652f20 Thread added: 0x0000021c73d352a0
Event: 0.782 Thread 0x0000021c2d652f20 Thread added: 0x0000021c73d35e40
Event: 0.782 Thread 0x0000021c2d652f20 Thread added: 0x0000021c73d38ea0
Event: 0.783 Thread 0x0000021c2d652f20 Thread added: 0x0000021c73d371f0
Event: 0.783 Thread 0x0000021c2d652f20 Thread added: 0x0000021c73d3b640
Event: 1.877 Thread 0x0000021c73d3b640 Thread exited: 0x0000021c73d3b640
Event: 1.878 Thread 0x0000021c73d371f0 Thread exited: 0x0000021c73d371f0
Event: 1.878 Thread 0x0000021c73d38ea0 Thread exited: 0x0000021c73d38ea0
Event: 1.879 Thread 0x0000021c73d35e40 Thread exited: 0x0000021c73d35e40


Dynamic libraries:
0x00007ff6cfb60000 - 0x00007ff6cfb70000 	C:\Program Files\Java\jdk-24\bin\java.exe
0x00007fff77080000 - 0x00007fff772e7000 	C:\WINDOWS\SYSTEM32\ntdll.dll
0x00007fff75f00000 - 0x00007fff75fc9000 	C:\WINDOWS\System32\KERNEL32.DLL
0x00007fff746b0000 - 0x00007fff74aa4000 	C:\WINDOWS\System32\KERNELBASE.dll
0x00007fff73b40000 - 0x00007fff73c8b000 	C:\WINDOWS\System32\ucrtbase.dll
0x00007fff5ee20000 - 0x00007fff5ee36000 	C:\Program Files\Java\jdk-24\bin\jli.dll
0x00007fff35960000 - 0x00007fff3597b000 	C:\Program Files\Java\jdk-24\bin\VCRUNTIME140.dll
0x00007fff769f0000 - 0x00007fff76bb5000 	C:\WINDOWS\System32\USER32.dll
0x00007fff74680000 - 0x00007fff746a7000 	C:\WINDOWS\System32\win32u.dll
0x00007fff75230000 - 0x00007fff7525b000 	C:\WINDOWS\System32\GDI32.dll
0x00007fff595a0000 - 0x00007fff59833000 	C:\WINDOWS\WinSxS\amd64_microsoft.windows.common-controls_6595b64144ccf1df_6.0.26100.8115_none_3e075c82e3354f9c\COMCTL32.dll
0x00007fff74ab0000 - 0x00007fff74bda000 	C:\WINDOWS\System32\gdi32full.dll
0x00007fff73a00000 - 0x00007fff73aa3000 	C:\WINDOWS\System32\msvcp_win.dll
0x00007fff757e0000 - 0x00007fff75889000 	C:\WINDOWS\System32\msvcrt.dll
0x00007fff76bc0000 - 0x00007fff76bf2000 	C:\WINDOWS\System32\IMM32.DLL
0x00007fff38480000 - 0x00007fff3848c000 	C:\Program Files\Java\jdk-24\bin\vcruntime140_1.dll
0x00007fff358d0000 - 0x00007fff3595e000 	C:\Program Files\Java\jdk-24\bin\msvcp140.dll
0x00007ffe982d0000 - 0x00007ffe99072000 	C:\Program Files\Java\jdk-24\bin\server\jvm.dll
0x00007fff756a0000 - 0x00007fff75756000 	C:\WINDOWS\System32\ADVAPI32.dll
0x00007fff76840000 - 0x00007fff768e7000 	C:\WINDOWS\System32\sechost.dll
0x00007fff75de0000 - 0x00007fff75ef8000 	C:\WINDOWS\System32\RPCRT4.dll
0x00007fff75360000 - 0x00007fff753e0000 	C:\WINDOWS\System32\WS2_32.dll
0x00007fff72570000 - 0x00007fff725ce000 	C:\WINDOWS\SYSTEM32\POWRPROF.dll
0x00007fff6a1d0000 - 0x00007fff6a1db000 	C:\WINDOWS\SYSTEM32\VERSION.dll
0x00007fff68d70000 - 0x00007fff68da6000 	C:\WINDOWS\SYSTEM32\WINMM.dll
0x00007fff72550000 - 0x00007fff72564000 	C:\WINDOWS\SYSTEM32\UMPDC.dll
0x00007fff72760000 - 0x00007fff7277b000 	C:\WINDOWS\SYSTEM32\kernel.appcore.dll
0x00007fff358c0000 - 0x00007fff358ca000 	C:\Program Files\Java\jdk-24\bin\jimage.dll
0x00007fff717b0000 - 0x00007fff719f2000 	C:\WINDOWS\SYSTEM32\DBGHELP.DLL
0x00007fff74ea0000 - 0x00007fff75222000 	C:\WINDOWS\System32\combase.dll
0x00007fff75280000 - 0x00007fff75357000 	C:\WINDOWS\System32\OLEAUT32.dll
0x00007fff58f30000 - 0x00007fff58f6b000 	C:\WINDOWS\SYSTEM32\dbgcore.DLL
0x00007fff73950000 - 0x00007fff739f5000 	C:\WINDOWS\System32\bcryptPrimitives.dll
0x00007fff358a0000 - 0x00007fff358be000 	C:\Program Files\Java\jdk-24\bin\java.dll
0x00007fff75500000 - 0x00007fff75697000 	C:\WINDOWS\System32\ole32.dll
0x00007fff75fd0000 - 0x00007fff76736000 	C:\WINDOWS\System32\SHELL32.dll
0x00007fff74ca0000 - 0x00007fff74e0a000 	C:\WINDOWS\System32\wintypes.dll
0x00007fff73e10000 - 0x00007fff74675000 	C:\WINDOWS\System32\windows.storage.dll
0x00007fff753f0000 - 0x00007fff754e7000 	C:\WINDOWS\System32\SHCORE.dll
0x00007fff76740000 - 0x00007fff767a6000 	C:\WINDOWS\System32\shlwapi.dll
0x00007fff73870000 - 0x00007fff73899000 	C:\WINDOWS\SYSTEM32\profapi.dll
0x00007ffea4f20000 - 0x00007ffea4ff7000 	C:\Program Files\Java\jdk-24\bin\jsvml.dll
0x00007fff35890000 - 0x00007fff358a0000 	C:\Program Files\Java\jdk-24\bin\net.dll
0x00007fff72d70000 - 0x00007fff72ddc000 	C:\WINDOWS\system32\mswsock.dll
0x00007fff35870000 - 0x00007fff35886000 	C:\Program Files\Java\jdk-24\bin\nio.dll
0x00007fff35850000 - 0x00007fff35867000 	C:\Program Files\Java\jdk-24\bin\zip.dll
0x00007fff4ef00000 - 0x00007fff4ef24000 	C:\Program Files\JetBrains\IntelliJ IDEA Community Edition 2024.3.5\plugins\maven\lib\maven3\lib\jansi-native\Windows\x86_64\jansi.dll
0x00007fff355f0000 - 0x00007fff35600000 	C:\Program Files\Java\jdk-24\bin\verify.dll

dbghelp: loaded successfully - version: 4.0.5 - missing functions: none
symbol engine: initialized successfully - sym options: 0x614 - pdb path: .;C:\Program Files\Java\jdk-24\bin;C:\WINDOWS\SYSTEM32;C:\WINDOWS\WinSxS\amd64_microsoft.windows.common-controls_6595b64144ccf1df_6.0.26100.8115_none_3e075c82e3354f9c;C:\Program Files\Java\jdk-24\bin\server;C:\Program Files\JetBrains\IntelliJ IDEA Community Edition 2024.3.5\plugins\maven\lib\maven3\lib\jansi-native\Windows\x86_64

VM Arguments:
jvm_args: -Dfile.encoding=IBM437 --enable-native-access=ALL-UNNAMED -Dclassworlds.conf=C:\Program Files\JetBrains\IntelliJ IDEA Community Edition 2024.3.5\plugins\maven\lib\maven3\bin\m2.conf -Dmaven.home=C:\Program Files\JetBrains\IntelliJ IDEA Community Edition 2024.3.5\plugins\maven\lib\maven3 -Dlibrary.jansi.path=C:\Program Files\JetBrains\IntelliJ IDEA Community Edition 2024.3.5\plugins\maven\lib\maven3\lib\jansi-native -Dmaven.multiModuleProjectDirectory=D:\DUNZ\WORK\dGiftcode 
java_command: org.codehaus.plexus.classworlds.launcher.Launcher -Didea.version=2025.3.3 -Dmaven.ext.class.path=C:\Program Files\JetBrains\IntelliJ IDEA Community Edition 2024.3.5\plugins\maven\lib\maven-event-listener.jar -Djansi.passthrough=true -Dstyle.color=always -Dmaven.repo.local=C:\Users\LENOVO\.m2\repository clean -f pom.xml
java_class_path (initial): C:\Program Files\JetBrains\IntelliJ IDEA Community Edition 2024.3.5\plugins\maven\lib\maven3\boot\plexus-classworlds-2.9.0.jar
Launcher Type: SUN_STANDARD

[Global flags]
     intx CICompilerCount                          = 12                                        {product} {ergonomic}
     uint ConcGCThreads                            = 4                                         {product} {ergonomic}
     uint G1ConcRefinementThreads                  = 15                                        {product} {ergonomic}
   size_t G1HeapRegionSize                         = 4194304                                   {product} {ergonomic}
   size_t InitialHeapSize                          = 398458880                                 {product} {ergonomic}
   size_t MarkStackSize                            = 4194304                                   {product} {ergonomic}
   size_t MarkStackSizeMax                         = 536870912                                 {product} {ergonomic}
   size_t MaxHeapSize                              = 6371147776                                {product} {ergonomic}
   size_t MaxNewSize                               = 3821010944                                {product} {ergonomic}
   size_t MinHeapDeltaBytes                        = 4194304                                   {product} {ergonomic}
   size_t MinHeapSize                              = 8388608                                   {product} {ergonomic}
    uintx NonNMethodCodeHeapSize                   = 7602176                                {pd product} {ergonomic}
    uintx NonProfiledCodeHeapSize                  = 122093568                              {pd product} {ergonomic}
    uintx ProfiledCodeHeapSize                     = 121962496                              {pd product} {ergonomic}
    uintx ReservedCodeCacheSize                    = 251658240                              {pd product} {ergonomic}
     bool SegmentedCodeCache                       = true                                      {product} {ergonomic}
   size_t SoftMaxHeapSize                          = 6371147776                             {manageable} {ergonomic}
     bool UseCompressedOops                        = true                           {product lp64_product} {ergonomic}
     bool UseG1GC                                  = true                                      {product} {ergonomic}
     bool UseLargePagesIndividualAllocation        = false                                  {pd product} {ergonomic}

Logging:
Log output configuration:
 #0: stdout all=warning uptime,level,tags foldmultilines=false
 #1: stderr all=off uptime,level,tags foldmultilines=false

Environment Variables:
JAVA_HOME=C:\Program Files\Java\jdk-24
JAVA_TOOL_OPTIONS=-Dfile.encoding=IBM437
PATH=C:\Python314\Scripts\;C:\Python314\;C:\WINDOWS\system32;C:\WINDOWS;C:\WINDOWS\System32\Wbem;C:\WINDOWS\System32\WindowsPowerShell\v1.0\;C:\WINDOWS\System32\OpenSSH\;C:\Program Files (x86)\NVIDIA Corporation\PhysX\Common;C:\Program Files\Java\jdk-25.0.2\bin;C:\Program Files\dotnet\;C:\Program Files\NVIDIA Corporation\NVIDIA App\NvDLISR;C:\Program Files\nodejs\;C:\ProgramData\chocolatey\bin;C:\Program Files\PuTTY\;C:\Program Files\TortoiseSVN\bin;C:\Program Files\Git\cmd;C:\Program Files\Java\jdk-25.0.2\bin;C:\Program Files\MySQL\MySQL Server 8.0\bin;C:\Users\LENOVO\AppData\Local\Microsoft\WindowsApps;C:\Users\LENOVO\AppData\Local\Programs\Microsoft VS Code\bin;C:\msys64\ucrt64\bin;C:\Users\LENOVO\.dotnet\tools;C:\Users\LENOVO\AppData\Roaming\npm;C:\Program Files\nodejs;C:\Users\LENOVO\AppData\Local\Programs\Antigravity\bin;
USERNAME=LENOVO
OS=Windows_NT
PROCESSOR_IDENTIFIER=Intel64 Family 6 Model 183 Stepping 1, GenuineIntel
TMP=C:\Users\LENOVO\AppData\Local\Temp
TEMP=C:\Users\LENOVO\AppData\Local\Temp




Periodic native trim disabled

---------------  S Y S T E M  ---------------

OS:
 Windows 11 , 64 bit Build 26100 (10.0.26100.8115)
OS uptime: 0 days 8:57 hours

CPU: total 20 (initial active 20) (10 cores per cpu, 2 threads per core) family 6 model 183 stepping 1 microcode 0x122, cx8, cmov, fxsr, ht, mmx, 3dnowpref, sse, sse2, sse3, ssse3, sse4.1, sse4.2, popcnt, lzcnt, tsc, tscinvbit, avx, avx2, aes, erms, clmul, bmi1, bmi2, adx, sha, fma, vzeroupper, clflush, clflushopt, clwb, serialize, rdtscp, rdpid, fsrm, gfni, f16c, pku, cet_ibt, cet_ss
Processor Information for processor 0
  Max Mhz: 2600, Current Mhz: 2600, Mhz Limit: 2600
Processor Information for processor 1
  Max Mhz: 2600, Current Mhz: 2600, Mhz Limit: 2600
Processor Information for processor 2
  Max Mhz: 2600, Current Mhz: 2600, Mhz Limit: 2600
Processor Information for processor 3
  Max Mhz: 2600, Current Mhz: 2600, Mhz Limit: 2600
Processor Information for processor 4
  Max Mhz: 2600, Current Mhz: 2600, Mhz Limit: 2600
Processor Information for processor 5
  Max Mhz: 2600, Current Mhz: 2600, Mhz Limit: 2600
Processor Information for processor 6
  Max Mhz: 2600, Current Mhz: 2600, Mhz Limit: 2600
Processor Information for processor 7
  Max Mhz: 2600, Current Mhz: 2600, Mhz Limit: 2600
Processor Information for processor 8
  Max Mhz: 2600, Current Mhz: 2600, Mhz Limit: 2600
Processor Information for processor 9
  Max Mhz: 2600, Current Mhz: 2600, Mhz Limit: 2600
Processor Information for processor 10
  Max Mhz: 2600, Current Mhz: 2600, Mhz Limit: 2600
Processor Information for processor 11
  Max Mhz: 2600, Current Mhz: 2600, Mhz Limit: 2600
Processor Information for processor 12
  Max Mhz: 2600, Current Mhz: 1900, Mhz Limit: 1898
Processor Information for processor 13
  Max Mhz: 2600, Current Mhz: 1900, Mhz Limit: 1898
Processor Information for processor 14
  Max Mhz: 2600, Current Mhz: 1900, Mhz Limit: 1898
Processor Information for processor 15
  Max Mhz: 2600, Current Mhz: 1900, Mhz Limit: 1898
Processor Information for processor 16
  Max Mhz: 2600, Current Mhz: 1500, Mhz Limit: 1898
Processor Information for processor 17
  Max Mhz: 2600, Current Mhz: 1900, Mhz Limit: 1898
Processor Information for processor 18
  Max Mhz: 2600, Current Mhz: 1900, Mhz Limit: 1898
Processor Information for processor 19
  Max Mhz: 2600, Current Mhz: 1900, Mhz Limit: 1898

Memory: 4k page, system-wide physical 24299M (1581M free)
TotalPageFile size 62605M (AvailPageFile size 10M)
current process WorkingSet (physical memory assigned to process): 118M, peak: 118M
current process commit charge ("private bytes"): 521M, peak: 523M

vm_info: Java HotSpot(TM) 64-Bit Server VM (24+36-3646) for windows-amd64 JRE (24+36-3646), built on 2025-02-06T00:20:43Z with MS VC++ 17.6 (VS2022)

END.
